<?xml version="1.0" encoding="UTF-8"?>
<!-- Generated by org.testng.reporters.JUnitReportReporter -->
<testsuite hostname="LAPTOP-T7U78EHF" failures="0" tests="1" name="demopackage1234.Demo" time="18.000" errors="0" timestamp="2024-01-06T09:34:07 IST" skipped="0">
  <testcase classname="demopackage1234.Demo" name="test" time="18.000"/>
  <system-out/>
</testsuite> <!-- demopackage1234.Demo -->
